Starting org.bukkit.craftbukkit.Main
*** Warning, you've not updated in a while! ***
*** Please download a new build as per instructions from https://papermc.io/downloads/paper ***
WARNING: A restricted method in java.lang.System has been called
WARNING: java.lang.System::load has been called by org.fusesource.jansi.internal.JansiLoader in an unnamed module (file:/Users/mneuhaus/Workspace/minecraft/minecraft-server/server/libraries/org/fusesource/jansi/jansi/2.4.0/jansi-2.4.0.jar)
WARNING: Use --enable-native-access=ALL-UNNAMED to avoid a warning for callers in this module
WARNING: Restricted methods will be blocked in a future release unless native access is enabled

WARN StatusConsoleListener Advanced terminal features are not available in this environment
WARNING: A terminally deprecated method in sun.misc.Unsafe has been called
WARNING: sun.misc.Unsafe::objectFieldOffset has been called by io.netty.util.internal.PlatformDependent0$4 (file:/Users/mneuhaus/Workspace/minecraft/minecraft-server/server/libraries/io/netty/netty-common/4.1.97.Final/netty-common-4.1.97.Final.jar)
WARNING: Please consider reporting this to the maintainers of class io.netty.util.internal.PlatformDependent0$4
WARNING: sun.misc.Unsafe::objectFieldOffset will be removed in a future release
[19:43:54 INFO]: [bootstrap] Running Java 25 (OpenJDK 64-Bit Server VM 25.0.1; Homebrew Homebrew) on Mac OS X 15.3.1 (x86_64)
[19:43:54 INFO]: [bootstrap] Loading Paper 1.21.1-133-ver/1.21.1@3cb8529 (2025-03-28T16:14:36Z) for Minecraft 1.21.1
[19:43:55 INFO]: [PluginInitializerManager] Initializing plugins...
[19:43:55 INFO]: [PluginInitializerManager] Initialized 1 plugin
[19:43:55 INFO]: [PluginInitializerManager] Bukkit plugins (1):
 - BannerGenerator (1.0.0)
[19:43:59 INFO]: Environment: Environment[sessionHost=https://sessionserver.mojang.com, servicesHost=https://api.minecraftservices.com, name=PROD]
[19:44:01 INFO]: Loaded 1290 recipes
[19:44:01 INFO]: Loaded 1399 advancements
[19:44:02 INFO]: Starting minecraft server version 1.21.1
[19:44:02 INFO]: Loading properties
[19:44:02 INFO]: This server is running Paper version 1.21.1-133-ver/1.21.1@3cb8529 (2025-03-28T16:14:36Z) (Implementing API version 1.21.1-R0.1-SNAPSHOT)
[19:44:02 INFO]: [spark] This server bundles the spark profiler. For more information please visit https://docs.papermc.io/paper/profiling
[19:44:02 INFO]: Using 4 threads for Netty based IO
[19:44:02 INFO]: Server Ping Player Sample Count: 12
[19:44:03 ERROR]: [Configurations] Loading a newer configuration than is supported (31 > 29)! You may have to backup & delete your global config file to start the server.
[19:44:03 INFO]: [ChunkTaskScheduler] Chunk system is using 1 I/O threads, 3 worker threads, and population gen parallelism of 3 threads
[19:44:03 INFO]: Default game type: SURVIVAL
[19:44:03 INFO]: Generating keypair
[19:44:03 INFO]: Starting Minecraft server on *:25565
[19:44:03 INFO]: Using default channel type
[19:44:03 INFO]: Paper: Using Java compression from Velocity.
[19:44:03 INFO]: Paper: Using Java cipher from Velocity.
[19:44:03 WARN]: **** FAILED TO BIND TO PORT!
[19:44:03 WARN]: The exception was: java.net.BindException: Address already in use
[19:44:03 WARN]: Perhaps a server is already running on that port?
[19:44:03 ERROR]: Encountered an unexpected exception
java.lang.IllegalStateException: Failed to bind to port
	at net.minecraft.server.dedicated.DedicatedServer.initServer(DedicatedServer.java:286) ~[paper-1.21.1.jar:1.21.1-133-3cb8529]
	at net.minecraft.server.MinecraftServer.runServer(MinecraftServer.java:1214) ~[paper-1.21.1.jar:1.21.1-133-3cb8529]
	at net.minecraft.server.MinecraftServer.lambda$spin$0(MinecraftServer.java:329) ~[paper-1.21.1.jar:1.21.1-133-3cb8529]
	at java.base/java.lang.Thread.run(Thread.java:1474) ~[?:?]
Caused by: java.net.BindException: Address already in use
	at java.base/sun.nio.ch.Net.bind0(Native Method) ~[?:?]
	at java.base/sun.nio.ch.Net.bind(Net.java:522) ~[?:?]
	at java.base/sun.nio.ch.ServerSocketChannelImpl.netBind(ServerSocketChannelImpl.java:335) ~[?:?]
	at java.base/sun.nio.ch.ServerSocketChannelImpl.bind(ServerSocketChannelImpl.java:297) ~[?:?]
	at io.netty.channel.socket.nio.NioServerSocketChannel.doBind(NioServerSocketChannel.java:141) ~[netty-transport-4.1.97.Final.jar:4.1.97.Final]
	at io.netty.channel.AbstractChannel$AbstractUnsafe.bind(AbstractChannel.java:562) ~[netty-transport-4.1.97.Final.jar:4.1.97.Final]
	at io.netty.channel.DefaultChannelPipeline$HeadContext.bind(DefaultChannelPipeline.java:1334) ~[netty-transport-4.1.97.Final.jar:4.1.97.Final]
	at io.netty.channel.AbstractChannelHandlerContext.invokeBind(AbstractChannelHandlerContext.java:600) ~[netty-transport-4.1.97.Final.jar:4.1.97.Final]
	at io.netty.channel.AbstractChannelHandlerContext.bind(AbstractChannelHandlerContext.java:579) ~[netty-transport-4.1.97.Final.jar:4.1.97.Final]
	at io.netty.channel.DefaultChannelPipeline.bind(DefaultChannelPipeline.java:973) ~[netty-transport-4.1.97.Final.jar:4.1.97.Final]
	at io.netty.channel.AbstractChannel.bind(AbstractChannel.java:260) ~[netty-transport-4.1.97.Final.jar:4.1.97.Final]
	at io.netty.bootstrap.AbstractBootstrap$2.run(AbstractBootstrap.java:356) ~[netty-transport-4.1.97.Final.jar:4.1.97.Final]
	at io.netty.util.concurrent.AbstractEventExecutor.runTask(AbstractEventExecutor.java:174) ~[netty-common-4.1.97.Final.jar:4.1.97.Final]
	at io.netty.util.concurrent.AbstractEventExecutor.safeExecute(AbstractEventExecutor.java:167) ~[netty-common-4.1.97.Final.jar:4.1.97.Final]
	at io.netty.util.concurrent.SingleThreadEventExecutor.runAllTasks(SingleThreadEventExecutor.java:470) ~[netty-common-4.1.97.Final.jar:4.1.97.Final]
	at io.netty.channel.nio.NioEventLoop.run(NioEventLoop.java:569) ~[netty-transport-4.1.97.Final.jar:4.1.97.Final]
	at io.netty.util.concurrent.SingleThreadEventExecutor$4.run(SingleThreadEventExecutor.java:997) ~[netty-common-4.1.97.Final.jar:4.1.97.Final]
	at io.netty.util.internal.ThreadExecutorMap$2.run(ThreadExecutorMap.java:74) ~[netty-common-4.1.97.Final.jar:4.1.97.Final]
	... 1 more
[19:44:04 ERROR]: This crash report has been saved to: /Users/mneuhaus/Workspace/minecraft/minecraft-server/server/crash-reports/crash-2025-11-02_19.44.04-server.txt
[19:44:04 INFO]: Stopping server
[19:44:04 INFO]: Saving players
[19:44:04 INFO]: Saving worlds
[19:44:04 INFO]: ThreadedAnvilChunkStorage: All dimensions are saved
