Starting org.bukkit.craftbukkit.Main
*** Warning, you've not updated in a while! ***
*** Please download a new build as per instructions from https://papermc.io/downloads/paper ***
WARN StatusConsoleListener Advanced terminal features are not available in this environment
[14:46:12 INFO]: [bootstrap] Running Java 23 (Java HotSpot(TM) 64-Bit Server VM 23.0.1+11-39; Oracle Corporation null) on Mac OS X 15.3.1 (aarch64)
[14:46:12 INFO]: [bootstrap] Loading Paper 1.21.1-133-ver/1.21.1@3cb8529 (2025-03-28T16:14:36Z) for Minecraft 1.21.1
[14:46:13 INFO]: [PluginInitializerManager] Initializing plugins...
[14:46:13 INFO]: [PluginInitializerManager] Initialized 1 plugin
[14:46:13 INFO]: [PluginInitializerManager] Bukkit plugins (1):
 - BannerGenerator (1.0.0)
[14:46:14 INFO]: Environment: Environment[sessionHost=https://sessionserver.mojang.com, servicesHost=https://api.minecraftservices.com, name=PROD]
[14:46:15 INFO]: Loaded 1290 recipes
[14:46:15 INFO]: Loaded 1399 advancements
[14:46:15 INFO]: Starting minecraft server version 1.21.1
[14:46:15 INFO]: Loading properties
[14:46:15 INFO]: This server is running Paper version 1.21.1-133-ver/1.21.1@3cb8529 (2025-03-28T16:14:36Z) (Implementing API version 1.21.1-R0.1-SNAPSHOT)
[14:46:15 INFO]: [spark] This server bundles the spark profiler. For more information please visit https://docs.papermc.io/paper/profiling
[14:46:16 INFO]: Using 4 threads for Netty based IO
[14:46:16 INFO]: Server Ping Player Sample Count: 12
[14:46:16 ERROR]: [Configurations] Loading a newer configuration than is supported (31 > 29)! You may have to backup & delete your global config file to start the server.
[14:46:16 INFO]: [ChunkTaskScheduler] Chunk system is using 1 I/O threads, 3 worker threads, and population gen parallelism of 3 threads
[14:46:16 INFO]: Default game type: CREATIVE
[14:46:16 INFO]: Generating keypair
[14:46:16 INFO]: Starting Minecraft server on *:25565
[14:46:16 INFO]: Using default channel type
[14:46:16 INFO]: Paper: Using libdeflate (macOS ARM64 / Apple Silicon) compression from Velocity.
[14:46:16 INFO]: Paper: Using native (macOS ARM64 / Apple Silicon) cipher from Velocity.
[14:46:16 INFO]: [BannerGenerator] Loading server plugin BannerGenerator v1.0.0
[14:46:16 INFO]: Server permissions file permissions.yml is empty, ignoring it
[14:46:16 WARN]: **** SERVER IS RUNNING IN OFFLINE/INSECURE MODE!
[14:46:16 WARN]: The server will make no attempt to authenticate usernames. Beware.
[14:46:16 WARN]: While this makes the game possible to play without internet access, it also opens up the ability for hackers to connect with any username they choose.
[14:46:16 WARN]: To change this, set "online-mode" to "true" in the server.properties file.
[14:46:16 INFO]: Preparing level "world"
[14:46:16 INFO]: Preparing start region for dimension minecraft:overworld
[14:46:17 INFO]: Time elapsed: 411 ms
[14:46:17 INFO]: Preparing start region for dimension minecraft:the_nether
[14:46:17 INFO]: Time elapsed: 53 ms
[14:46:17 INFO]: Preparing start region for dimension minecraft:the_end
[14:46:17 INFO]: Time elapsed: 38 ms
[14:46:17 INFO]: [BannerGenerator] Enabling BannerGenerator v1.0.0
[14:46:17 INFO]: [BannerGenerator] BannerGenerator is starting up!
[14:46:17 INFO]: [BannerGenerator] Custom recipes loaded!
[14:46:17 INFO]: [BannerGenerator] BannerGenerator enabled successfully!
[14:46:17 INFO]: [spark] Starting background profiler...
[14:46:18 INFO]: Done preparing level "world" (1.971s)
[14:46:18 INFO]: Running delayed init tasks
[14:46:18 INFO]: Done (6.619s)! For help, type "help"
[14:46:18 INFO]: Timings Reset
[14:46:41 INFO]: UUID of player mneuhaus is 3e30a878-b5ad-3497-b8b0-17f563f6f319
[14:46:41 INFO]: [38;2;255;255;85mmneuhaus joined the game[0m
[14:46:41 INFO]: mneuhaus[/127.0.0.1:60418] logged in with entity id 44 at ([world]135.07302798903294, 66.10131520987476, 87.360450188781)
[14:46:47 INFO]: mneuhaus issued server command: /op
[14:47:08 INFO]: mneuhaus issued server command: /oop
[14:47:10 INFO]: mneuhaus issued server command: /op
[14:47:18 INFO]: mneuhaus issued server command: /give mneuhaus stone 1
[14:47:37 INFO]: Stopping server
[14:47:37 INFO]: [BannerGenerator] Disabling BannerGenerator v1.0.0
[14:47:37 INFO]: [BannerGenerator] BannerGenerator is shutting down!
[14:47:37 INFO]: Saving players
[14:47:37 INFO]: mneuhaus lost connection: Server closed
[14:47:37 INFO]: [38;2;255;255;85mmneuhaus left the game[0m
[14:47:37 INFO]: Saving worlds
[14:47:37 INFO]: Saving chunks for level 'ServerLevel[world]'/minecraft:overworld
[14:47:37 INFO]: [ChunkHolderManager] Waiting 60s for chunk system to halt for world 'world'
[14:47:37 INFO]: [ChunkHolderManager] Halted chunk system for world 'world'
[14:47:37 INFO]: [ChunkHolderManager] Saving all chunkholders for world 'world'
[14:47:38 INFO]: [ChunkHolderManager] Saved 700 block chunks, 700 entity chunks, 0 poi chunks in world 'world' in 0,92s
[14:47:38 INFO]: Saving chunks for level 'ServerLevel[world_nether]'/minecraft:the_nether
[14:47:38 INFO]: [ChunkHolderManager] Waiting 60s for chunk system to halt for world 'world_nether'
[14:47:38 INFO]: [ChunkHolderManager] Halted chunk system for world 'world_nether'
[14:47:38 INFO]: [ChunkHolderManager] Saving all chunkholders for world 'world_nether'
[14:47:38 INFO]: [ChunkHolderManager] Saved 49 block chunks, 49 entity chunks, 0 poi chunks in world 'world_nether' in 0,07s
[14:47:38 INFO]: Saving chunks for level 'ServerLevel[world_the_end]'/minecraft:the_end
[14:47:38 INFO]: [ChunkHolderManager] Waiting 60s for chunk system to halt for world 'world_the_end'
[14:47:38 INFO]: [ChunkHolderManager] Halted chunk system for world 'world_the_end'
[14:47:38 INFO]: [ChunkHolderManager] Saving all chunkholders for world 'world_the_end'
[14:47:38 INFO]: [ChunkHolderManager] Saved 49 block chunks, 49 entity chunks, 0 poi chunks in world 'world_the_end' in 0,04s
[14:47:38 INFO]: ThreadedAnvilChunkStorage (world): All chunks are saved
[14:47:38 INFO]: ThreadedAnvilChunkStorage (DIM-1): All chunks are saved
[14:47:38 INFO]: ThreadedAnvilChunkStorage (DIM1): All chunks are saved
[14:47:38 INFO]: ThreadedAnvilChunkStorage: All dimensions are saved
